Using pre-set license
Built from '2020.3/release' branch; Version is '2020.3.2f1 (8fd9074bf66c) revision 9427207'; Using compiler version '192528614'; Build Type 'Release'
OS: 'Windows 10 Pro; OS build 19043.906; Version 2009; 64bit' Language: 'ru' Physical Memory: 15741 MB
BatchMode: 1, IsHumanControllingUs: 0, StartBugReporterOnCrash: 0, Is64bit: 1, IsPro: 0

 COMMAND LINE ARGUMENTS:
C:\Program Files\Unity\Hub\Editor\2020.3.2f1\Editor\Unity.exe
-adb2
-batchMode
-noUpm
-name
AssetImportWorker0
-projectPath
C:/@MrPink/theIsland
-logFile
Logs/AssetImportWorker0.log
-srvPort
53921
Successfully changed project path to: C:/@MrPink/theIsland
C:/@MrPink/theIsland
Using Asset Import Pipeline V2.
Refreshing native plugins compatible for Editor in 50.67 ms, found 0 plugins.
Preloading 0 native plugins for Editor in 0.00 ms.
Initialize engine version: 2020.3.2f1 (8fd9074bf66c)
[Subsystems] Discovering subsystems at path C:/Program Files/Unity/Hub/Editor/2020.3.2f1/Editor/Data/Resources/UnitySubsystems
[Subsystems] Discovering subsystems at path C:/@MrPink/theIsland/Assets
GfxDevice: creating device client; threaded=0
Direct3D:
    Version:  Direct3D 11.0 [level 11.1]
    Renderer: NVIDIA GeForce GTX 1650 Ti (ID=0x1f95)
    Vendor:   
    VRAM:     3962 MB
    Driver:   27.21.14.6589
Shader 'Universal Render Pipeline/Particles/Lit': fallback shader 'Universal Render Pipeline/Particles/SimpleLit' not found
Initialize mono
Mono path[0] = 'C:/Program Files/Unity/Hub/Editor/2020.3.2f1/Editor/Data/Managed'
Mono path[1] = 'C:/Program Files/Unity/Hub/Editor/2020.3.2f1/Editor/Data/MonoBleedingEdge/lib/mono/unityjit'
Mono config path = 'C:/Program Files/Unity/Hub/Editor/2020.3.2f1/Editor/Data/MonoBleedingEdge/etc'
Using monoOptions --debugger-agent=transport=dt_socket,embedding=1,server=y,suspend=n,address=127.0.0.1:56796
Begin MonoManager ReloadAssembly
Registering precompiled unity dll's ...
Register platform support module: C:/Program Files/Unity/Hub/Editor/2020.3.2f1/Editor/Data/PlaybackEngines/WindowsStandaloneSupport/UnityEditor.WindowsStandalone.Extensions.dll
Registered in 0.001057 seconds.
Native extension for WindowsStandalone target not found
Refreshing native plugins compatible for Editor in 52.34 ms, found 0 plugins.
Preloading 0 native plugins for Editor in 0.00 ms.
Invoked RoslynAnalysisRunner static constructor.
RoslynAnalysisRunner will not be running.
RoslynAnalysisRunner has terminated.
Mono: successfully reloaded assembly
- Completed reload, in  0.804 seconds
Platform modules already initialized, skipping
Registering precompiled user dll's ...
Registered in 0.001586 seconds.
Begin MonoManager ReloadAssembly
Native extension for WindowsStandalone target not found
Refreshing native plugins compatible for Editor in 55.55 ms, found 0 plugins.
Preloading 0 native plugins for Editor in 0.00 ms.
Invoked RoslynAnalysisRunner static constructor.
RoslynAnalysisRunner will not be running.
RoslynAnalysisRunner has terminated.
Mono: successfully reloaded assembly
- Completed reload, in  0.880 seconds
Platform modules already initialized, skipping
========================================================================
Worker process is ready to serve import requests
Shader 'Universal Render Pipeline/Particles/Lit': fallback shader 'Universal Render Pipeline/Particles/SimpleLit' not found
Launched and connected shader compiler UnityShaderCompiler.exe after 0.04 seconds
Refreshing native plugins compatible for Editor in 0.55 ms, found 0 plugins.
Preloading 0 native plugins for Editor in 0.00 ms.
Unloading 3069 Unused Serialized files (Serialized files now loaded: 0)
System memory in use before: 152.5 MB.
System memory in use after: 152.7 MB.

Unloading 12 unused Assets to reduce memory usage. Loaded Objects now: 3518.
Total: 3.369700 ms (FindLiveObjects: 0.532800 ms CreateObjectMapping: 0.234500 ms MarkObjects: 2.514700 ms  DeleteObjects: 0.085800 ms)

========================================================================
Received Import Request.
  path: Assets/@TilesIsland/DefaultTile 2.prefab
  artifactKey: Guid(f6b0f3e14d1dbea46a5f7d47f0478362) Importer(815301076,1909f56bfc062723c751e8b465ee728b)
Start importing Assets/@TilesIsland/DefaultTile 2.prefab using Guid(f6b0f3e14d1dbea46a5f7d47f0478362) Importer(815301076,1909f56bfc062723c751e8b465ee728b)  -> (artifact id: '6678611683ad6cb34a18834b45231e23') in 0.384560 seconds
  Import took 0.401090 seconds .

========================================================================
Received Import Request.
  Time since last request: 0.000262 seconds.
  path: Assets/@TilesIsland/DefaultTile 1.prefab
  artifactKey: Guid(8aa1e1583f2a8dc448c4790dd8ece1b6) Importer(815301076,1909f56bfc062723c751e8b465ee728b)
Start importing Assets/@TilesIsland/DefaultTile 1.prefab using Guid(8aa1e1583f2a8dc448c4790dd8ece1b6) Importer(815301076,1909f56bfc062723c751e8b465ee728b)  -> (artifact id: '9551dc89bc3670619a6d8a888342bce9') in 0.128088 seconds
  Import took 0.142067 seconds .

========================================================================
Received Import Request.
  Time since last request: 44.708387 seconds.
  path: Assets/@TilesIsland/DefaultTile 1.prefab
  artifactKey: Guid(8aa1e1583f2a8dc448c4790dd8ece1b6) Importer(815301076,1909f56bfc062723c751e8b465ee728b)
Start importing Assets/@TilesIsland/DefaultTile 1.prefab using Guid(8aa1e1583f2a8dc448c4790dd8ece1b6) Importer(815301076,1909f56bfc062723c751e8b465ee728b)  -> (artifact id: '7848c5e426c7e6318a812c9a947bf2df') in 0.025142 seconds
  Import took 0.032394 seconds .

========================================================================
Received Import Request.
  Time since last request: 6.413138 seconds.
  path: Assets/@TilesIsland/DefaultTileEmpty.prefab
  artifactKey: Guid(8aa1e1583f2a8dc448c4790dd8ece1b6) Importer(815301076,1909f56bfc062723c751e8b465ee728b)
Start importing Assets/@TilesIsland/DefaultTileEmpty.prefab using Guid(8aa1e1583f2a8dc448c4790dd8ece1b6) Importer(815301076,1909f56bfc062723c751e8b465ee728b)  -> (artifact id: '5bd002e6b7eb271a381bf46267eb8a3c') in 0.020259 seconds
  Import took 0.025730 seconds .

========================================================================
Received Import Request.
  Time since last request: 4.664737 seconds.
  path: Assets/@TilesIsland/DefaultTileRandomProps.prefab
  artifactKey: Guid(f6b0f3e14d1dbea46a5f7d47f0478362) Importer(815301076,1909f56bfc062723c751e8b465ee728b)
Start importing Assets/@TilesIsland/DefaultTileRandomProps.prefab using Guid(f6b0f3e14d1dbea46a5f7d47f0478362) Importer(815301076,1909f56bfc062723c751e8b465ee728b)  -> (artifact id: 'd908318c6e61ad8219de60a544eabd8a') in 0.161670 seconds
  Import took 0.177786 seconds .

